Code/benchmarks/realworld/diary/source/build/intermediates/manifest_merge_blame_file/release/manifest-merger-blame-release-report.txt
1<?xml version="1.0" encoding="utf-8"?>
2<!--
3    Diary - Personal diary for Android
4    Copyright © 2012  Josep Portella Florit <hola@josep-portella.com>
5
6    This program is free software: you can redistribute it and/or modify
7    it under the terms of the GNU General Public License as published by
8    the Free Software Foundation, either version 3 of the License, or
9    (at your option) any later version.
10
11    This program is distributed in the hope that it will be useful,
12    but WITHOUT ANY WARRANTY; without even the implied warranty of
13    MERCHANTABILITY or FITNESS FOR A PARTICULAR PURPOSE.  See the
14    GNU General Public License for more details.
15
16    You should have received a copy of the GNU General Public License
17    along with this program.  If not, see <http://www.gnu.org/licenses/>.
18-->
19<manifest xmlns:android="http://schemas.android.com/apk/res/android"
20    package="org.billthefarmer.diary"
21    android:installLocation="auto"
22    android:versionCode="171"
23    android:versionName="1.71" >
24
25    <uses-sdk
26        android:minSdkVersion="14"
26-->src/main/AndroidManifest.xml
27        android:targetSdkVersion="28" />
27-->src/main/AndroidManifest.xml
28
29    <uses-permission android:name="android.permission.READ_EXTERNAL_STORAGE" />
29-->src/main/AndroidManifest.xml:27:3-78
29-->src/main/AndroidManifest.xml:27:20-75
30    <uses-permission android:name="android.permission.WRITE_EXTERNAL_STORAGE" />
30-->src/main/AndroidManifest.xml:28:3-79
30-->src/main/AndroidManifest.xml:28:20-76
31    <uses-permission android:name="android.permission.READ_CALENDAR" />
31-->src/main/AndroidManifest.xml:29:3-70
31-->src/main/AndroidManifest.xml:29:20-67
32    <uses-permission android:name="android.permission.WRITE_CALENDAR" />
32-->src/main/AndroidManifest.xml:30:3-71
32-->src/main/AndroidManifest.xml:30:20-68
33    <uses-permission android:name="android.permission.INTERNET" />
33-->src/main/AndroidManifest.xml:31:3-65
33-->src/main/AndroidManifest.xml:31:20-62
34
35    <meta-data
35-->src/main/AndroidManifest.xml:33:3-35:30
36        android:name="android.webkit.WebView.MetricsOptOut"
36-->src/main/AndroidManifest.xml:34:7-58
37        android:value="true" />
37-->src/main/AndroidManifest.xml:35:7-27
38
39    <application
39-->src/main/AndroidManifest.xml:37:3-107:17
40        android:allowBackup="true"
40-->src/main/AndroidManifest.xml:38:7-33
41        android:icon="@drawable/ic_launcher"
41-->src/main/AndroidManifest.xml:41:7-43
42        android:label="@string/appName"
42-->src/main/AndroidManifest.xml:42:7-38
43        android:supportsRtl="true"
43-->src/main/AndroidManifest.xml:39:7-33
44        android:theme="@style/AppTheme"
44-->src/main/AndroidManifest.xml:43:7-38
45        android:usesCleartextTraffic="true" >
45-->src/main/AndroidManifest.xml:40:7-42
46        <activity
46-->src/main/AndroidManifest.xml:46:5-77:16
47            android:name="org.billthefarmer.diary.Diary"
47-->src/main/AndroidManifest.xml:47:9-29
48            android:label="@string/appName"
48-->src/main/AndroidManifest.xml:48:9-40
49            android:windowSoftInputMode="stateHidden|adjustResize" >
49-->src/main/AndroidManifest.xml:49:9-63
50            <intent-filter>
50-->src/main/AndroidManifest.xml:50:7-53:23
51                <action android:name="android.intent.action.MAIN" />
51-->src/main/AndroidManifest.xml:51:9-61
51-->src/main/AndroidManifest.xml:51:17-58
52
53                <category android:name="android.intent.category.LAUNCHER" />
53-->src/main/AndroidManifest.xml:52:9-69
53-->src/main/AndroidManifest.xml:52:19-66
54            </intent-filter>
55            <intent-filter>
55-->src/main/AndroidManifest.xml:54:7-61:23
56                <action android:name="android.intent.action.SEND" />
56-->src/main/AndroidManifest.xml:55:9-61
56-->src/main/AndroidManifest.xml:55:17-58
57
58                <category android:name="android.intent.category.DEFAULT" />
58-->src/main/AndroidManifest.xml:56:9-68
58-->src/main/AndroidManifest.xml:56:19-65
59
60                <data android:mimeType="text/plain" />
60-->src/main/AndroidManifest.xml:58:9-47
60-->src/main/AndroidManifest.xml:58:15-44
61                <data android:mimeType="audio/*" />
61-->src/main/AndroidManifest.xml:58:9-47
61-->src/main/AndroidManifest.xml:58:15-44
62                <data android:mimeType="video/*" />
62-->src/main/AndroidManifest.xml:58:9-47
62-->src/main/AndroidManifest.xml:58:15-44
63            </intent-filter>
64            <intent-filter>
64-->src/main/AndroidManifest.xml:62:7-68:23
65                <action android:name="android.intent.action.SEND" />
65-->src/main/AndroidManifest.xml:55:9-61
65-->src/main/AndroidManifest.xml:55:17-58
66                <action android:name="android.intent.action.SEND_MULTIPLE" />
66-->src/main/AndroidManifest.xml:64:9-70
66-->src/main/AndroidManifest.xml:64:17-67
67
68                <category android:name="android.intent.category.DEFAULT" />
68-->src/main/AndroidManifest.xml:56:9-68
68-->src/main/AndroidManifest.xml:56:19-65
69
70                <data android:mimeType="image/*" />
70-->src/main/AndroidManifest.xml:58:9-47
70-->src/main/AndroidManifest.xml:58:15-44
71            </intent-filter>
72            <intent-filter>
72-->src/main/AndroidManifest.xml:69:7-76:23
73                <action android:name="android.intent.action.VIEW" />
73-->src/main/AndroidManifest.xml:70:9-61
73-->src/main/AndroidManifest.xml:70:17-58
74
75                <category android:name="android.intent.category.BROWSABLE" />
75-->src/main/AndroidManifest.xml:72:9-70
75-->src/main/AndroidManifest.xml:72:19-67
76                <category android:name="android.intent.category.DEFAULT" />
76-->src/main/AndroidManifest.xml:56:9-68
76-->src/main/AndroidManifest.xml:56:19-65
77
78                <data android:scheme="geo" />
78-->src/main/AndroidManifest.xml:58:9-47
78-->src/main/AndroidManifest.xml:75:15-35
79            </intent-filter>
80        </activity>
81        <activity
81-->src/main/AndroidManifest.xml:79:5-91:16
82            android:name="org.billthefarmer.diary.Editor"
82-->src/main/AndroidManifest.xml:80:9-30
83            android:windowSoftInputMode="stateHidden|adjustResize" >
83-->src/main/AndroidManifest.xml:81:9-63
84            <intent-filter android:scheme="http" >
84-->src/main/AndroidManifest.xml:82:7-90:23
84-->src/main/AndroidManifest.xml:83:11-32
85                <action android:name="android.intent.action.VIEW" />
85-->src/main/AndroidManifest.xml:70:9-61
85-->src/main/AndroidManifest.xml:70:17-58
86                <action android:name="android.intent.action.EDIT" />
86-->src/main/AndroidManifest.xml:86:9-61
86-->src/main/AndroidManifest.xml:86:17-58
87
88                <category android:name="android.intent.category.DEFAULT" />
88-->src/main/AndroidManifest.xml:56:9-68
88-->src/main/AndroidManifest.xml:56:19-65
89
90                <data android:mimeType="text/*" />
90-->src/main/AndroidManifest.xml:58:9-47
90-->src/main/AndroidManifest.xml:58:15-44
91            </intent-filter>
92        </activity>
93        <activity
93-->src/main/AndroidManifest.xml:93:5-95:44
94            android:name="org.billthefarmer.diary.Settings"
94-->src/main/AndroidManifest.xml:94:9-32
95            android:label="@string/settings" />
95-->src/main/AndroidManifest.xml:95:9-41
96
97        <provider
97-->src/main/AndroidManifest.xml:97:5-105:16
98            android:name="android.support.v4.content.FileProvider"
98-->src/main/AndroidManifest.xml:98:9-63
99            android:authorities="org.billthefarmer.diary.fileprovider"
99-->src/main/AndroidManifest.xml:99:9-67
100            android:exported="false"
100-->src/main/AndroidManifest.xml:100:9-33
101            android:grantUriPermissions="true" >
101-->src/main/AndroidManifest.xml:101:9-43
102            <meta-data
102-->src/main/AndroidManifest.xml:102:7-104:47
103                android:name="android.support.FILE_PROVIDER_PATHS"
103-->src/main/AndroidManifest.xml:103:11-61
104                android:resource="@xml/filepaths" />
104-->src/main/AndroidManifest.xml:104:11-44
105        </provider>
106    </application>
107
108</manifest>